<?xml version="1.0" encoding="UTF-8"?>
<testsuite xmlns:xsi="http://www.w3.org/2001/XMLSchema-instance" xsi:noNamespaceSchemaLocation="https://maven.apache.org/surefire/maven-surefire-plugin/xsd/surefire-test-report-3.0.xsd" version="3.0" name="com.example.todolist.AppIntegrationTest" time="0.103" tests="1" errors="0" skipped="0" failures="1">
  <properties>
[...]
</properties>
  <testcase name="testAppIntegration" classname="com.example.todolist.AppIntegrationTest" time="0.026">
    <failure message="expected:&lt;...st Application =====[&#10;1. Add Task&#10;2. Mark Task as Completed&#10;3. Update Task&#10;4. Delete Task&#10;5. View Tasks&#10;6. Exit&#10;Enter your choice: Enter task title: Enter task description: Task added successfully.&#10;Tasks:&#10;Task 1: Sample Task&#10;Description: Description&#10;Completed: No&#10;&#10;===== To-Do List Application =====&#10;1. Add Task&#10;2. Mark Task as Completed&#10;3. Update Task&#10;4. Delete Task&#10;5. View Tasks&#10;6. Exit&#10;Enter your choice: Exiting...]&#10;&gt; but was:&lt;...st Application =====[&#10;1. Add Task&#10;2. Mark Task as Completed&#10;3. Update Task&#10;4. Delete Task&#10;5. View Tasks&#10;6. Exit&#10;Enter your choice: Enter task title: Enter task description: Task added successfully.&#10;===== To-Do List Application =====&#10;1. Add Task&#10;2. Mark Task as Completed&#10;3. Update Task&#10;4. Delete Task&#10;5. View Tasks&#10;6. Exit&#10;Enter your choice: Enter the index of the task to mark as completed: Task marked as completed.&#10;===== To-Do List Application =====&#10;1. Add Task&#10;2. Mark Task as Completed&#10;3. Update Task&#10;4. Delete Task&#10;5. View Tasks&#10;6. Exit&#10;Enter your choice: Enter the index of the task to update: Enter updated task title: Enter updated task description: Task updated successfully.&#10;===== To-Do List Application =====&#10;1. Add Task&#10;2. Mark Task as Completed&#10;3. Update Task&#10;4. Delete Task&#10;5. View Tasks&#10;6. Exit&#10;Enter your choice: Enter the index of the task to delete: Task deleted successfully.&#10;===== To-Do List Application =====&#10;1. Add Task&#10;2. Mark Task as Completed&#10;3. Update Task&#10;4. Delete Task&#10;5. View Tasks&#10;6. Exit&#10;Enter your choice: Tasks:&#10;Task 1: Sample Task&#10;Description: Description&#10;Completed: No&#10;&#10;===== To-Do List Application =====&#10;1. Add Task&#10;2. Mark Task as Completed&#10;3. Update Task&#10;4. Delete Task&#10;5. View Tasks&#10;6. Exit&#10;Enter your choice: Exiting...&#13;]&#10;&gt;" type="org.junit.ComparisonFailure"><![CDATA[org.junit.ComparisonFailure: 
expected:<...st Application =====[
1. Add Task
2. Mark Task as Completed
3. Update Task
4. Delete Task
5. View Tasks
6. Exit
Enter your choice: Enter task title: Enter task description: Task added successfully.
Tasks:
Task 1: Sample Task
Description: Description
Completed: No

===== To-Do List Application =====
1. Add Task
2. Mark Task as Completed
3. Update Task
4. Delete Task
5. View Tasks
6. Exit
Enter your choice: Exiting...]
> but was:<...st Application =====[
1. Add Task
2. Mark Task as Completed
3. Update Task
4. Delete Task
5. View Tasks
6. Exit
Enter your choice: Enter task title: Enter task description: Task added successfully.
===== To-Do List Application =====
1. Add Task
2. Mark Task as Completed
3. Update Task
4. Delete Task
5. View Tasks
6. Exit
Enter your choice: Enter the index of the task to mark as completed: Task marked as completed.
===== To-Do List Application =====
1. Add Task
2. Mark Task as Completed
3. Update Task
4. Delete Task
5. View Tasks
6. Exit
Enter your choice: Enter the index of the task to update: Enter updated task title: Enter updated task description: Task updated successfully.
===== To-Do List Application =====
1. Add Task
2. Mark Task as Completed
3. Update Task
4. Delete Task
5. View Tasks
6. Exit
Enter your choice: Enter the index of the task to delete: Task deleted successfully.
===== To-Do List Application =====
1. Add Task
2. Mark Task as Completed
3. Update Task
4. Delete Task
5. View Tasks
6. Exit
Enter your choice: Tasks:
Task 1: Sample Task
Description: Description
Completed: No

===== To-Do List Application =====
1. Add Task
2. Mark Task as Completed
3. Update Task
4. Delete Task
5. View Tasks
6. Exit
Enter your choice: Exiting...]
>
	at org.junit.Assert.assertEquals(Assert.java:117)
	at org.junit.Assert.assertEquals(Assert.java:146)
	at com.example.todolist.AppIntegrationTest.testAppIntegration(AppIntegrationTest.java:63)
	at java.base/jdk.internal.reflect.DirectMethodHandleAccessor.invoke(DirectMethodHandleAccessor.java:103)
	at java.base/java.lang.reflect.Method.invoke(Method.java:580)
	at org.junit.runners.model.FrameworkMethod$1.runReflectiveCall(FrameworkMethod.java:59)
	at org.junit.internal.runners.model.ReflectiveCallable.run(ReflectiveCallable.java:12)
	at org.junit.runners.model.FrameworkMethod.invokeExplosively(FrameworkMethod.java:56)
	at org.junit.internal.runners.statements.InvokeMethod.evaluate(InvokeMethod.java:17)
	at org.junit.internal.runners.statements.RunBefores.evaluate(RunBefores.java:26)
	at org.junit.internal.runners.statements.RunAfters.evaluate(RunAfters.java:27)
	at org.junit.runners.ParentRunner$3.evaluate(ParentRunner.java:306)
	at org.junit.runners.BlockJUnit4ClassRunner$1.evaluate(BlockJUnit4ClassRunner.java:100)
	at org.junit.runners.ParentRunner.runLeaf(ParentRunner.java:366)
	at org.junit.runners.BlockJUnit4ClassRunner.runChild(BlockJUnit4ClassRunner.java:103)
	at org.junit.runners.BlockJUnit4ClassRunner.runChild(BlockJUnit4ClassRunner.java:63)
	at org.junit.runners.ParentRunner$4.run(ParentRunner.java:331)
	at org.junit.runners.ParentRunner$1.schedule(ParentRunner.java:79)
	at org.junit.runners.ParentRunner.runChildren(ParentRunner.java:329)
	at org.junit.runners.ParentRunner.access$100(ParentRunner.java:66)
	at org.junit.runners.ParentRunner$2.evaluate(ParentRunner.java:293)
	at org.junit.runners.ParentRunner$3.evaluate(ParentRunner.java:306)
	at org.junit.runners.ParentRunner.run(ParentRunner.java:413)
	at org.apache.maven.surefire.junit4.JUnit4Provider.execute(JUnit4Provider.java:316)
	at org.apache.maven.surefire.junit4.JUnit4Provider.executeWithRerun(JUnit4Provider.java:240)
	at org.apache.maven.surefire.junit4.JUnit4Provider.executeTestSet(JUnit4Provider.java:214)
	at org.apache.maven.surefire.junit4.JUnit4Provider.invoke(JUnit4Provider.java:155)
	at org.apache.maven.surefire.booter.ForkedBooter.runSuitesInProcess(ForkedBooter.java:385)
	at org.apache.maven.surefire.booter.ForkedBooter.execute(ForkedBooter.java:162)
	at org.apache.maven.surefire.booter.ForkedBooter.run(ForkedBooter.java:507)
	at org.apache.maven.surefire.booter.ForkedBooter.main(ForkedBooter.java:495)
]]></failure>
  </testcase>
</testsuite>